Scanning 14 segments (starting at 0), 30s delay

[09:30:40] lib/urlapi.c [parseurl] (7,000 chars)...
Scan failed for lib/urlapi.c [parseurl]: Server disconnected without sending a response.
  Done 302s — 0 findings
  Error: Server disconnected without sending a response.
  [waiting 30s...]
[09:36:12] lib/urlapi.c [parse_hostname_login+ipv6+hostname_check] (7,000 chars)...
Scan failed for lib/urlapi.c [parse_hostname_login+ipv6+hostname_check]: Server disconnected without sending a response.
  Done 301s — 0 findings
  Error: Server disconnected without sending a response.
  [waiting 30s...]
[09:41:43] lib/urlapi.c [curl_url_set+curl_url_get] (7,000 chars)...
  Done 223s — 3 findings
  [MEDIUM] Off-by-one error in URL scheme character validation (L1770, conf=92%)
  [LOW] Potential double URL-encoding via flag leakage in CURLUPART_URL relative resolution (L1848, conf=70%)
  [LOW] Incomplete query append logic (truncated code may hide buffer overflow) (L2010, conf=35%)
  [waiting 30s...]
[09:45:56] lib/url.c [parseurlandfillconn+setup_range] (7,500 chars)...
  Done 292s — 4 findings
  [MEDIUM] In-place corruption of hostname buffer during IPv6 bracket stripping (L1795, conf=75%)
  [MEDIUM] Credential precedence logic flaw allows URL username to override CURLOPT_USERNAME (L1855, conf=80%)
  [LOW] Dangling pointer and potential double-free in setup_range after failed allocation (L1955, conf=50%)
  [LOW] Missing URL validation when using CURLOPT_CURLU (use_set_uh path) (L1738, conf=60%)
  [waiting 30s...]
[09:51:18] lib/cookie.c [parse_cookie_header+sanitize+add] (7,500 chars)...
  Done 262s — 4 findings
  [HIGH] Cookie Prefix Security Requirements Not Enforced (__Secure- and __Host-) (L553, conf=85%)
  [MEDIUM] Case-Insensitive Cookie Prefix Detection (RFC Violation) (L553, conf=80%)
  [MEDIUM] Domain Attribute Value Not Validated for Invalid Octets (L610, conf=65%)
  [MEDIUM] Public Suffix / TLD Cookie Setting Without PSL Protection (L617, conf=60%)
  [waiting 30s...]
[09:56:09] lib/ftp.c [match_pasv_6nums+ftp_state_pasv_resp] (6,367 chars)...
  Done 161s — 3 findings
  [HIGH] SSRF via Malicious PASV Response IP Address (L1830, conf=95%)
  [INFO] PASV Port 0 Allows Invalid Data Connection Target (L1850, conf=70%)
  [INFO] Greedy PASV Number Matching Can Misparse Response (L1820, conf=85%)
  [waiting 30s...]
[09:59:20] lib/ftp.c [ftp_state_use_port+use_pasv] (2,939 chars)...
  Done 174s — 3 findings
  [HIGH] CRLF Injection in FTP RETR/SIZE Command Construction (L1685, conf=70%)
  [MEDIUM] PASV Response Parsing Lacks IP Address Validation (Potential SSRF) (L1748, conf=50%)
  [LOW] PASV Response Parser Accepts Malformed Trailing Content (L1748, conf=60%)
  [waiting 30s...]
[10:02:44] lib/socks.c [do_SOCKS4] (7,000 chars)...
  Done 106s — 4 findings
  [MEDIUM] Integer underflow in socks_state_send outstanding tracking (L230, conf=60%)
  [MEDIUM] Missing buffersize validation in Curl_blockread_all (L103, conf=50%)
  [LOW] Improper error return value ~CURLE_OK in Curl_blockread_all (L126, conf=70%)
  [LOW] Potential out-of-bounds read in socksstate debug array access (L190, conf=40%)
  [waiting 30s...]
[10:05:00] lib/socks.c [do_SOCKS5] (7,000 chars)...
Scan failed for lib/socks.c [do_SOCKS5]: Server disconnected without sending a response.
  Done 301s — 0 findings
  Error: Server disconnected without sending a response.
  [waiting 30s...]
[10:10:31] lib/http_chunks.c [httpchunk_readwrite] (7,000 chars)...
Scan failed for lib/http_chunks.c [httpchunk_readwrite]: Server disconnected without sending a response.
  Done 302s — 0 findings
  Error: Server disconnected without sending a response.
  [waiting 30s...]
[10:16:03] lib/ftplistparser.c [ftp_pl_state_machine] (7,000 chars)...
  Done 74s — 5 findings
  [HIGH] Out-of-bounds read in ftp_pl_get_permission due to missing length validation (L193, conf=85%)
  [MEDIUM] Integer overflow in Curl_ftp_parselist size calculation (L287, conf=70%)
  [MEDIUM] NULL pointer dereference / invalid pointer computation in ftp_pl_insert_finfo (L258, conf=75%)
  [MEDIUM] Unchecked offset values in ftp_pl_insert_finfo can cause out-of-bounds reads (L258, conf=60%)
  [LOW] Symlink target injection bypass via crafted target string (L276, conf=50%)
  [waiting 30s...]
[10:17:47] lib/mime.c [mime_read+boundary] (7,000 chars)...
  Done 91s — 4 findings
  [MEDIUM] VmsRealFileSize returns 0 on fopen failure, indistinguishable from empty file (L131, conf=70%)
  [LOW] TOCTOU race condition in VMS file size determination (L131, conf=60%)
  [MEDIUM] Signed char index into qp_class table may cause out-of-bounds read (L79, conf=50%)
  [MEDIUM] Signed char index into aschex table may cause out-of-bounds read (L105, conf=45%)
  [waiting 30s...]
[10:19:48] lib/http_digest.c [output_digest+decode] (3,393 chars)...
  Done 146s — 3 findings
  [MEDIUM] Integer truncation in IE-style URI path precision specifier (L90, conf=75%)
  [MEDIUM] Missing NULL check on uripath parameter leads to NULL pointer dereference (L88, conf=60%)
  [LOW] IE-style digest path truncation enables authentication confusion (L86, conf=50%)
  [waiting 30s...]
[10:22:44] lib/curl_sasl.c [decode_mech+sasl_continue] (7,500 chars)...
Scan failed for lib/curl_sasl.c [decode_mech+sasl_continue]: Server disconnected without sending a response.
  Done 302s — 0 findings
  Error: Server disconnected without sending a response.

Results saved → research/curl/t1_glm5_results.json
